Aug 28, 2020 11:29:06 AM Calc validateAndTransform
INFO: Transform: whitespaces removed: "112234567890+112234567890*(10000000999-999)"
Aug 28, 2020 11:29:06 AM Calc validateAndTransform
INFO: Validate: Unsuccessful validation with toBigInteger() if the expr is a negative number e.g. -5
Aug 28, 2020 11:29:06 AM Calc validateAndTransform
INFO: Transform: ++/--   ->   +,    +-   ->   -   : "112234567890+112234567890*(10000000999-999)"
Aug 28, 2020 11:29:06 AM Calc validateAndTransform
INFO: Transform: "(-" -> "(0-" just to present "-a" as "(0-a)"
Aug 28, 2020 11:29:06 AM Calc validateAndTransform
INFO: Transform: "- 2 + ..." -> "(0 - 2) + ...
Aug 28, 2020 11:29:06 AM Calc validateAndTransform
INFO: Validate: all variables are known: "112234567890 + 112234567890 * ( 10000000999 - 999 )"
Aug 28, 2020 11:29:06 AM Calc infixToPostfix
INFO: result = 112234567890 112234567890 10000000999 999 - * +
Aug 28, 2020 11:29:06 AM Calc printResult
INFO: result = 1122345679012234567890
Aug 28, 2020 11:29:06 AM Calc printResult
INFO: result = 
Aug 28, 2020 11:29:06 AM Calc printResult
INFO: result = 
Aug 28, 2020 11:29:06 AM Calc validateAndTransform
INFO: Transform: whitespaces removed: "a+b"
Aug 28, 2020 11:29:06 AM Calc validateAndTransform
INFO: Validate: Unsuccessful validation with toBigInteger() if the expr is a negative number e.g. -5
Aug 28, 2020 11:29:06 AM Calc validateAndTransform
INFO: Transform: ++/--   ->   +,    +-   ->   -   : "a+b"
Aug 28, 2020 11:29:06 AM Calc validateAndTransform
INFO: Transform: "(-" -> "(0-" just to present "-a" as "(0-a)"
Aug 28, 2020 11:29:06 AM Calc validateAndTransform
INFO: Transform: "- 2 + ..." -> "(0 - 2) + ...
Aug 28, 2020 11:29:06 AM Calc validateAndTransform
INFO: Validate: all variables are known: "800000000000000000000000 + 100000000000000000000000"
Aug 28, 2020 11:29:06 AM Calc infixToPostfix
INFO: result = 800000000000000000000000 100000000000000000000000 +
Aug 28, 2020 11:29:06 AM Calc printResult
INFO: result = 900000000000000000000000
Aug 28, 2020 11:29:06 AM Calc validateAndTransform
INFO: Transform: whitespaces removed: "10^100"
Aug 28, 2020 11:29:06 AM Calc validateAndTransform
INFO: Validate: Unsuccessful validation with toBigInteger() if the expr is a negative number e.g. -5
Aug 28, 2020 11:29:06 AM Calc validateAndTransform
INFO: Transform: ++/--   ->   +,    +-   ->   -   : "10^100"
Aug 28, 2020 11:29:06 AM Calc validateAndTransform
INFO: Transform: "(-" -> "(0-" just to present "-a" as "(0-a)"
Aug 28, 2020 11:29:06 AM Calc validateAndTransform
INFO: Transform: "- 2 + ..." -> "(0 - 2) + ...
Aug 28, 2020 11:29:06 AM Calc validateAndTransform
INFO: Validate: all variables are known: "10 ^ 100"
Aug 28, 2020 11:29:06 AM Calc infixToPostfix
INFO: result = 10 100 ^
Aug 28, 2020 11:29:06 AM Calc printResult
INFO: result = 10000000000000000000000000000000000000000000000000000000000000000000000000000000000000000000000000000
Aug 28, 2020 11:29:06 AM Calc validateAndTransform
INFO: Transform: whitespaces removed: "100000000000000000000000^2"
Aug 28, 2020 11:29:06 AM Calc validateAndTransform
INFO: Validate: Unsuccessful validation with toBigInteger() if the expr is a negative number e.g. -5
Aug 28, 2020 11:29:06 AM Calc validateAndTransform
INFO: Transform: ++/--   ->   +,    +-   ->   -   : "100000000000000000000000^2"
Aug 28, 2020 11:29:06 AM Calc validateAndTransform
INFO: Transform: "(-" -> "(0-" just to present "-a" as "(0-a)"
Aug 28, 2020 11:29:06 AM Calc validateAndTransform
INFO: Transform: "- 2 + ..." -> "(0 - 2) + ...
Aug 28, 2020 11:29:06 AM Calc validateAndTransform
INFO: Validate: all variables are known: "100000000000000000000000 ^ 2"
Aug 28, 2020 11:29:06 AM Calc infixToPostfix
INFO: result = 100000000000000000000000 2 ^
Aug 28, 2020 11:29:06 AM Calc printResult
INFO: result = 10000000000000000000000000000000000000000000000
Aug 28, 2020 11:29:06 AM Calc validateAndTransform
INFO: Transform: whitespaces removed: "990000000000000000000000099^(-2)"
Aug 28, 2020 11:29:06 AM Calc validateAndTransform
INFO: Validate: Unsuccessful validation with toBigInteger() if the expr is a negative number e.g. -5
Aug 28, 2020 11:29:06 AM Calc validateAndTransform
INFO: Transform: ++/--   ->   +,    +-   ->   -   : "990000000000000000000000099^(-2)"
Aug 28, 2020 11:29:06 AM Calc validateAndTransform
INFO: Transform: "(-" -> "(0-" just to present "-a" as "(0-a)"
Aug 28, 2020 11:29:06 AM Calc validateAndTransform
INFO: Transform: "- 2 + ..." -> "(0 - 2) + ...
Aug 28, 2020 11:29:06 AM Calc validateAndTransform
INFO: Validate: all variables are known: "990000000000000000000000099 ^ ( 0 - 2 )"
Aug 28, 2020 11:29:06 AM Calc infixToPostfix
INFO: result = 990000000000000000000000099 0 2 - ^
Aug 28, 2020 11:29:06 AM Calc printResult
INFO: result = 0
Aug 28, 2020 11:29:06 AM Calc validateAndTransform
INFO: Transform: whitespaces removed: "112234567890112234567890^1"
Aug 28, 2020 11:29:06 AM Calc validateAndTransform
INFO: Validate: Unsuccessful validation with toBigInteger() if the expr is a negative number e.g. -5
Aug 28, 2020 11:29:06 AM Calc validateAndTransform
INFO: Transform: ++/--   ->   +,    +-   ->   -   : "112234567890112234567890^1"
Aug 28, 2020 11:29:06 AM Calc validateAndTransform
INFO: Transform: "(-" -> "(0-" just to present "-a" as "(0-a)"
Aug 28, 2020 11:29:06 AM Calc validateAndTransform
INFO: Transform: "- 2 + ..." -> "(0 - 2) + ...
Aug 28, 2020 11:29:06 AM Calc validateAndTransform
INFO: Validate: all variables are known: "112234567890112234567890 ^ 1"
Aug 28, 2020 11:29:06 AM Calc infixToPostfix
INFO: result = 112234567890112234567890 1 ^
Aug 28, 2020 11:29:06 AM Calc printResult
INFO: result = 112234567890112234567890
Aug 28, 2020 11:29:06 AM Calc validateAndTransform
INFO: Transform: whitespaces removed: "112234567890112234567890^0"
Aug 28, 2020 11:29:06 AM Calc validateAndTransform
INFO: Validate: Unsuccessful validation with toBigInteger() if the expr is a negative number e.g. -5
Aug 28, 2020 11:29:06 AM Calc validateAndTransform
INFO: Transform: ++/--   ->   +,    +-   ->   -   : "112234567890112234567890^0"
Aug 28, 2020 11:29:06 AM Calc validateAndTransform
INFO: Transform: "(-" -> "(0-" just to present "-a" as "(0-a)"
Aug 28, 2020 11:29:06 AM Calc validateAndTransform
INFO: Transform: "- 2 + ..." -> "(0 - 2) + ...
Aug 28, 2020 11:29:06 AM Calc validateAndTransform
INFO: Validate: all variables are known: "112234567890112234567890 ^ 0"
Aug 28, 2020 11:29:06 AM Calc infixToPostfix
INFO: result = 112234567890112234567890 0 ^
Aug 28, 2020 11:29:06 AM Calc printResult
INFO: result = 1
